objc[73200]: Class AXEmojiUtilities is implemented in both /Applications/Xcode.app/Contents/Developer/Platforms/iPhoneSimulator.platform/Developer/SDKs/iPhoneSimulator7.0.sdk/System/Library/PrivateFrameworks/AccessibilityUtilities.framework/AccessibilityUtilities and /Applications/Xcode.app/Contents/Developer/Platforms/iPhoneSimulator.platform/Developer/SDKs/iPhoneSimulator7.0.sdk/usr/lib/libAXSpeechManager.dylib. One of the two will be used. Which one is undefined.
2014-02-06 23:56:45.359 Hello World[73200:80b] Cannot find executable for CFBundle 0xa75a140 </Applications/Xcode.app/Contents/Developer/Platforms/iPhoneSimulator.platform/Developer/SDKs/iPhoneSimulator7.0.sdk/System/Library/AccessibilityBundles/CertUIFramework.axbundle> (not loaded)
2014-02-06 23:56:45.432 Hello World[73200:80b] Cannot find executable for CFBundle 0xa47da20 </Applications/Xcode.app/Contents/Developer/Platforms/iPhoneSimulator.platform/Developer/SDKs/iPhoneSimulator7.0.sdk/System/Library/AccessibilityBundles/GeoServices.axbundle> (not loaded)
2014-02-06 23:56:45.578 Hello World[73200:80b] Multi-tasking -> Device: YES, App: YES
2014-02-06 23:56:45.614 Hello World[73200:80b] Unlimited access to network resources
2014-02-06 23:56:45.692 Hello World[73200:80b] [CDVTimer][keyboard] 0.537992ms
2014-02-06 23:56:45.733 Hello World[73200:80b] [CDVTimer][statusbar] 38.918018ms
2014-02-06 23:56:45.735 Hello World[73200:80b] [CDVTimer][chromebootstrap] 0.213027ms
2014-02-06 23:56:45.737 Hello World[73200:80b] [CDVTimer][chromeextensionurls] 0.292003ms
2014-02-06 23:56:45.739 Hello World[73200:80b] [CDVTimer][chromenavigation] 0.144958ms
2014-02-06 23:56:45.740 Hello World[73200:80b] [CDVTimer][TotalPluginStartup] 49.478054ms
2014-02-06 23:56:46.311 Hello World[73200:80b] Resetting plugins due to page load.
2014-02-06 23:56:47.081 Hello World[73200:80b] Finished load of: chrome-extension://kfjbkgnealpecaeaekabbhddmplhlbja/index.html#/view1
objc[32446]: Class AXEmojiUtilities is implemented in both /Applications/Xcode.app/Contents/Developer/Platforms/iPhoneSimulator.platform/Developer/SDKs/iPhoneSimulator7.0.sdk/System/Library/PrivateFrameworks/AccessibilityUtilities.framework/AccessibilityUtilities and /Applications/Xcode.app/Contents/Developer/Platforms/iPhoneSimulator.platform/Developer/SDKs/iPhoneSimulator7.0.sdk/usr/lib/libAXSpeechManager.dylib. One of the two will be used. Which one is undefined.
2014-02-14 00:10:20.479 Hello World[32446:80b] Cannot find executable for CFBundle 0xa79ded0 </Applications/Xcode.app/Contents/Developer/Platforms/iPhoneSimulator.platform/Developer/SDKs/iPhoneSimulator7.0.sdk/System/Library/AccessibilityBundles/GeoServices.axbundle> (not loaded)
2014-02-14 00:10:20.543 Hello World[32446:80b] Cannot find executable for CFBundle 0xa6c58e0 </Applications/Xcode.app/Contents/Developer/Platforms/iPhoneSimulator.platform/Developer/SDKs/iPhoneSimulator7.0.sdk/System/Library/AccessibilityBundles/CertUIFramework.axbundle> (not loaded)
2014-02-14 00:10:20.604 Hello World[32446:80b] Multi-tasking -> Device: YES, App: YES
2014-02-14 00:10:20.638 Hello World[32446:80b] Unlimited access to network resources
2014-02-14 00:10:20.728 Hello World[32446:80b] [CDVTimer][keyboard] 0.153959ms
2014-02-14 00:10:20.834 Hello World[32446:80b] [CDVTimer][statusbar] 105.298996ms
2014-02-14 00:10:20.835 Hello World[32446:80b] [CDVTimer][chromebootstrap] 0.079989ms
2014-02-14 00:10:20.836 Hello World[32446:80b] [CDVTimer][chromeextensionurls] 0.111997ms
2014-02-14 00:10:20.837 Hello World[32446:80b] [CDVTimer][chromenavigation] 0.050008ms
2014-02-14 00:10:20.838 Hello World[32446:80b] [CDVTimer][TotalPluginStartup] 111.093998ms
2014-02-14 00:10:21.079 Hello World[32446:80b] Resetting plugins due to page load.
2014-02-14 00:10:21.409 Hello World[32446:80b] Finished load of: chrome-extension://kfjbkgnealpecaeaekabbhddmplhlbja/index.html#/
objc[32983]: Class AXEmojiUtilities is implemented in both /Applications/Xcode.app/Contents/Developer/Platforms/iPhoneSimulator.platform/Developer/SDKs/iPhoneSimulator7.0.sdk/System/Library/PrivateFrameworks/AccessibilityUtilities.framework/AccessibilityUtilities and /Applications/Xcode.app/Contents/Developer/Platforms/iPhoneSimulator.platform/Developer/SDKs/iPhoneSimulator7.0.sdk/usr/lib/libAXSpeechManager.dylib. One of the two will be used. Which one is undefined.
2014-02-14 00:14:13.105 Hello World[32983:80b] Cannot find executable for CFBundle 0xa693670 </Applications/Xcode.app/Contents/Developer/Platforms/iPhoneSimulator.platform/Developer/SDKs/iPhoneSimulator7.0.sdk/System/Library/AccessibilityBundles/GeoServices.axbundle> (not loaded)
2014-02-14 00:14:13.138 Hello World[32983:80b] Cannot find executable for CFBundle 0xa483260 </Applications/Xcode.app/Contents/Developer/Platforms/iPhoneSimulator.platform/Developer/SDKs/iPhoneSimulator7.0.sdk/System/Library/AccessibilityBundles/CertUIFramework.axbundle> (not loaded)
2014-02-14 00:14:13.252 Hello World[32983:80b] Multi-tasking -> Device: YES, App: YES
2014-02-14 00:14:13.262 Hello World[32983:80b] Unlimited access to network resources
2014-02-14 00:14:13.288 Hello World[32983:80b] [CDVTimer][keyboard] 0.155985ms
2014-02-14 00:14:13.301 Hello World[32983:80b] [CDVTimer][statusbar] 12.700975ms
2014-02-14 00:14:13.302 Hello World[32983:80b] [CDVTimer][chromebootstrap] 0.073969ms
2014-02-14 00:14:13.302 Hello World[32983:80b] [CDVTimer][chromeextensionurls] 0.092983ms
2014-02-14 00:14:13.303 Hello World[32983:80b] [CDVTimer][chromenavigation] 0.042975ms
2014-02-14 00:14:13.303 Hello World[32983:80b] [CDVTimer][TotalPluginStartup] 15.770018ms
2014-02-14 00:14:13.609 Hello World[32983:80b] Resetting plugins due to page load.
2014-02-14 00:14:13.879 Hello World[32983:80b] Finished load of: chrome-extension://kfjbkgnealpecaeaekabbhddmplhlbja/index.html#/
objc[33587]: Class AXEmojiUtilities is implemented in both /Applications/Xcode.app/Contents/Developer/Platforms/iPhoneSimulator.platform/Developer/SDKs/iPhoneSimulator7.0.sdk/System/Library/PrivateFrameworks/AccessibilityUtilities.framework/AccessibilityUtilities and /Applications/Xcode.app/Contents/Developer/Platforms/iPhoneSimulator.platform/Developer/SDKs/iPhoneSimulator7.0.sdk/usr/lib/libAXSpeechManager.dylib. One of the two will be used. Which one is undefined.
2014-02-14 00:19:04.776 Hello World[33587:80b] Cannot find executable for CFBundle 0xa6c2280 </Applications/Xcode.app/Contents/Developer/Platforms/iPhoneSimulator.platform/Developer/SDKs/iPhoneSimulator7.0.sdk/System/Library/AccessibilityBundles/GeoServices.axbundle> (not loaded)
2014-02-14 00:19:04.812 Hello World[33587:80b] Cannot find executable for CFBundle 0xa56b660 </Applications/Xcode.app/Contents/Developer/Platforms/iPhoneSimulator.platform/Developer/SDKs/iPhoneSimulator7.0.sdk/System/Library/AccessibilityBundles/CertUIFramework.axbundle> (not loaded)
2014-02-14 00:19:04.891 Hello World[33587:80b] Multi-tasking -> Device: YES, App: YES
2014-02-14 00:19:04.901 Hello World[33587:80b] Unlimited access to network resources
2014-02-14 00:19:04.929 Hello World[33587:80b] [CDVTimer][keyboard] 0.173986ms
2014-02-14 00:19:04.942 Hello World[33587:80b] [CDVTimer][statusbar] 12.201011ms
2014-02-14 00:19:04.950 Hello World[33587:80b] [CDVTimer][chromebootstrap] 0.090957ms
2014-02-14 00:19:04.951 Hello World[33587:80b] [CDVTimer][chromeextensionurls] 0.319004ms
2014-02-14 00:19:04.955 Hello World[33587:80b] [CDVTimer][chromenavigation] 0.074983ms
2014-02-14 00:19:04.957 Hello World[33587:80b] [CDVTimer][TotalPluginStartup] 27.779996ms
2014-02-14 00:19:05.169 Hello World[33587:80b] Resetting plugins due to page load.
2014-02-14 00:19:05.464 Hello World[33587:80b] Finished load of: chrome-extension://kfjbkgnealpecaeaekabbhddmplhlbja/index.html#/
